<?xml version="1.0" encoding="UTF-8"?>
<!-- Generated by org.testng.reporters.JUnitXMLReporter -->
<testsuite hostname="AswinDESKTOP-0PAECQO" ignored="1" name="Default test" tests="7" failures="0" timestamp="2022-04-07T17:15:17 PDT" time="0.105" errors="0">
  <testcase name="heatWater" time="0.013" classname="com.testng.MaggiRecipe"/>
  <testcase name="putMaggi" time="0.002" classname="com.testng.MaggiRecipe"/>
  <testcase name="addMasala" time="0.002" classname="com.testng.MaggiRecipe"/>
  <testcase name="cookMaggi" time="0.003" classname="com.testng.MaggiRecipe"/>
  <testcase name="serveMaggie" time="0.003" classname="com.testng.MaggiRecipe"/>
  <testcase name="serveMaggie" time="0.002" classname="com.testng.MaggiRecipe"/>
  <testcase name="serveMaggie" time="0.002" classname="com.testng.MaggiRecipe"/>
  <testcase name="cleanBowl" time="0.0" classname="com.testng.MaggiRecipe">
    <ignored/>
  </testcase> <!-- cleanBowl -->
</testsuite> <!-- Default test -->
