<?xml version="1.0" encoding="UTF-8"?>
<!-- Generated by org.testng.reporters.JUnitXMLReporter -->
<testsuite hostname="AswinDESKTOP-0PAECQO" ignored="0" name="Default test" tests="3" failures="0" timestamp="2022-04-02T17:32:15 PDT" time="0.106" errors="0">
  <testcase name="dresses" time="0.017" classname="com.testng.Simple_Annotations"/>
  <testcase name="tshirt" time="0.001" classname="com.testng.Simple_Annotations"/>
  <testcase name="women" time="0.004" classname="com.testng.Simple_Annotations"/>
</testsuite> <!-- Default test -->
