<?xml version="1.0" encoding="UTF-8"?>
<!-- Generated by org.testng.reporters.JUnitXMLReporter -->
<testsuite hostname="AswinDESKTOP-0PAECQO" ignored="0" name="Test" tests="7" failures="0" timestamp="2022-04-07T12:21:04 PDT" time="0.082" errors="0">
  <testcase name="green" time="0.009" classname="com.testng.Groups"/>
  <testcase name="id1" time="0.0" classname="com.testng.Groups"/>
  <testcase name="id2" time="0.001" classname="com.testng.Groups"/>
  <testcase name="login" time="0.002" classname="com.testng.Groups"/>
  <testcase name="phone" time="0.001" classname="com.testng.Groups"/>
  <testcase name="red" time="0.001" classname="com.testng.Groups"/>
  <testcase name="userName" time="0.001" classname="com.testng.Groups"/>
</testsuite> <!-- Test -->
